<?xml version="1.0" encoding="UTF-8"?>
<!-- Generated by org.testng.reporters.JUnitReportReporter -->
<testsuite hostname="LAPTOP-2RFE2DQG" failures="0" tests="3" name="com.qa.testcases.LoginPageTest" time="43.415" errors="0" timestamp="19 Oct 2020 20:19:33 GMT" skipped="0">
  <testcase classname="com.qa.testcases.LoginPageTest" name="loginPageTitleTest" time="19.516"/>
  <testcase classname="com.qa.testcases.LoginPageTest" name="walmartImageTest" time="13.095"/>
  <testcase classname="com.qa.testcases.LoginPageTest" name="loginTest" time="10.804"/>
</testsuite> <!-- com.qa.testcases.LoginPageTest -->
